<?xml version="1.0" encoding="UTF-8"?>
<testsuites>
  <testsuite name="" tests="2" assertions="2" errors="0" failures="1" skipped="0" time="2.970216">
    <testsuite name="Feature Tests" tests="1" assertions="1" errors="0" failures="1" skipped="0" time="2.906543">
      <testsuite name="Tests\Feature\ExampleTest" file="/Users/dev2/Projects/blog55/tests/Feature/ExampleTest.php" tests="1" assertions="1" errors="0" failures="1" skipped="0" time="2.906543">
        <testcase name="testBasicTest" class="Tests\Feature\ExampleTest" classname="Tests.Feature.ExampleTest" file="/Users/dev2/Projects/blog55/tests/Feature/ExampleTest.php" line="15" assertions="1" time="2.906543">
          <failure type="PHPUnit\Framework\ExpectationFailedException">Tests\Feature\ExampleTest::testBasicTest
Expected status code 200 but received 500.
Failed asserting that false is true.

/Users/dev2/Projects/blog55/vendor/laravel/framework/src/Illuminate/Foundation/Testing/TestResponse.php:78
/Users/dev2/Projects/blog55/tests/Feature/ExampleTest.php:19
</failure>
        </testcase>
      </testsuite>
    </testsuite>
    <testsuite name="Unit Tests" tests="1" assertions="1" errors="0" failures="0" skipped="0" time="0.063673">
      <testsuite name="Tests\Unit\ExampleTest" file="/Users/dev2/Projects/blog55/tests/Unit/ExampleTest.php" tests="1" assertions="1" errors="0" failures="0" skipped="0" time="0.063673">
        <testcase name="testBasicTest" class="Tests\Unit\ExampleTest" classname="Tests.Unit.ExampleTest" file="/Users/dev2/Projects/blog55/tests/Unit/ExampleTest.php" line="15" assertions="1" time="0.063673"/>
      </testsuite>
    </testsuite>
  </testsuite>
</testsuites>
